Number of actions: 18
Number of players: 4
State shape: [287]
Action shape: []

==========
EPISODE 0
==========
Starting game...
New hand dealt. Dealer: South
Kitty: 2H, TS, 8C
Dealer: South (Player 2)

Step 0, West (Player 3), Phase: 1
Phase: Auction
West's hand: 5♠, 8♥, 8♠, 3♠, A♥
Legal actions:
  0: Pass
  1: Bid 20
  2: Bid 25
  3: Bid 30
Action taken: 3 (Bid 30)

Step 1, North (Player 0), Phase: 1
Phase: Auction
North's hand: 7♣, J♣, T♥, K♥, 4♣
Legal actions:
  0: Pass
Action taken: 0 (Pass)

Step 2, East (Player 1), Phase: 1
Phase: Auction
East's hand: T♣, 2♣, Q♦, 9♣, A♦
Legal actions:
  0: Pass
Action taken: 0 (Pass)

Step 3, South (Player 2), Phase: 1
Phase: Auction
South's hand: 2♠, J♠, Q♥, A♠, 6♥
Legal actions:
  0: Pass
  4: Hold
Action taken: 0 (Pass)

Step 4, West (Player 3), Phase: 2
Phase: Declaration
West's hand: 5♠, 8♥, 8♠, 3♠, A♥
Legal actions:
  0: Declare trump: Spades
  1: Declare trump: Hearts
  2: Declare trump: Diamonds
  3: Declare trump: Clubs
Action taken: 1 (Declare trump: Hearts)

Step 5, West (Player 3), Phase: 3
Phase: Discard
West's hand: 5♠, 8♥, 8♠, 3♠, A♥
Legal actions:
  0: Discard: 5♠
  1: Discard: 8♥
  2: Discard: 8♠
  3: Discard: 3♠
  4: Discard: A♥
  16: Done discarding
Action taken: 2 (Discard: 8♠)
West discarded 8S

Step 6, West (Player 3), Phase: 3
Phase: Discard
West's hand: 5♠, 8♥, 3♠, A♥
Legal actions:
  0: Discard: 5♠
  1: Discard: 8♥
  2: Discard: 3♠
  3: Discard: A♥
  16: Done discarding
Action taken: 0 (Discard: 5♠)
West discarded 5S

Step 7, West (Player 3), Phase: 3
Phase: Discard
West's hand: 8♥, 3♠, A♥
Legal actions:
  0: Discard: 8♥
  1: Discard: 3♠
  2: Discard: A♥
  16: Done discarding
Action taken: 0 (Discard: 8♥)
West discarded 8H

Step 8, West (Player 3), Phase: 3
Phase: Discard
West's hand: 3♠, A♥
Legal actions:
  0: Discard: 3♠
  1: Discard: A♥
  16: Done discarding
Action taken: 1 (Discard: A♥)
West discarded AH

Step 9, West (Player 3), Phase: 3
Phase: Discard
West's hand: 3♠
Legal actions:
  0: Discard: 3♠
  16: Done discarding
Action taken: 0 (Discard: 3♠)
West discarded 3S

Step 10, West (Player 3), Phase: 3
Phase: Discard
West's hand: Empty hand
Legal actions:
  16: Done discarding
Action taken: 16 (Done discarding)

Step 11, North (Player 0), Phase: 3
Phase: Discard
North's hand: 7♣, J♣, T♥, K♥, 4♣
Legal actions:
  0: Discard: 7♣
  1: Discard: J♣
  2: Discard: T♥
  3: Discard: K♥
  4: Discard: 4♣
  16: Done discarding
Action taken: 16 (Done discarding)

Step 12, East (Player 1), Phase: 3
Phase: Discard
East's hand: T♣, 2♣, Q♦, 9♣, A♦
Legal actions:
  0: Discard: T♣
  1: Discard: 2♣
  2: Discard: Q♦
  3: Discard: 9♣
  4: Discard: A♦
  16: Done discarding
Action taken: 16 (Done discarding)

Step 13, South (Player 2), Phase: 3
Phase: Discard
South's hand: 2♠, J♠, Q♥, A♠, 6♥
Legal actions:
  0: Discard: 2♠
  1: Discard: J♠
  2: Discard: Q♥
  3: Discard: A♠
  4: Discard: 6♥
  16: Done discarding
Action taken: 0 (Discard: 2♠)
South discarded 2S

Step 14, South (Player 2), Phase: 3
Phase: Discard
South's hand: J♠, Q♥, A♠, 6♥
Legal actions:
  0: Discard: J♠
  1: Discard: Q♥
  2: Discard: A♠
  3: Discard: 6♥
  16: Done discarding
Action taken: 3 (Discard: 6♥)
South discarded 6H

Step 15, South (Player 2), Phase: 3
Phase: Discard
South's hand: J♠, Q♥, A♠
Legal actions:
  0: Discard: J♠
  1: Discard: Q♥
  2: Discard: A♠
  16: Done discarding
Action taken: 0 (Discard: J♠)
South discarded JS

Step 16, South (Player 2), Phase: 3
Phase: Discard
South's hand: Q♥, A♠
Legal actions:
  0: Discard: Q♥
  1: Discard: A♠
  16: Done discarding
Action taken: 16 (Done discarding)
West received kitty: 2H, TS, 8C
South received 3 card(s): 9H, AC, 5H
West received 2 card(s): 3D, 7S

Step 17, West (Player 3), Phase: 4
Phase: Gameplay
West's hand: 2♥, T♠, 8♣, 3♦, 7♠
Current trick: No cards played yet
Legal actions:
  0: Play: 2♥
  1: Play: T♠
  2: Play: 8♣
  3: Play: 3♦
  4: Play: 7♠
Action taken: 3 (Play: 3♦)

Step 18, North (Player 0), Phase: 4
Phase: Gameplay
North's hand: 7♣, J♣, T♥, K♥, 4♣
Current trick: West: 3♦
Legal actions:
  0: Play: 7♣
  1: Play: J♣
  2: Play: T♥
  3: Play: K♥
  4: Play: 4♣
Action taken: 2 (Play: T♥)

Step 19, East (Player 1), Phase: 4
Phase: Gameplay
East's hand: T♣, 2♣, Q♦, 9♣, A♦
Current trick: North: T♥, West: 3♦
Legal actions:
  2: Play: Q♦
  4: Play: A♦
Action taken: 2 (Play: Q♦)

Step 20, South (Player 2), Phase: 4
Phase: Gameplay
South's hand: Q♥, A♠, 9♥, A♣, 5♥
Current trick: North: T♥, East: Q♦, West: 3♦
Legal actions:
  0: Play: Q♥
  1: Play: A♠
  2: Play: 9♥
  3: Play: A♣
  4: Play: 5♥
Action taken: 0 (Play: Q♥)
Trick 1: North: T♥, East: Q♦, South: Q♥, West: 3♦
Winner: East with Q♦

Step 21, East (Player 1), Phase: 4
Phase: Gameplay
East's hand: T♣, 2♣, 9♣, A♦
Current trick: No cards played yet
Legal actions:
  0: Play: T♣
  1: Play: 2♣
  2: Play: 9♣
  3: Play: A♦
Action taken: 2 (Play: 9♣)

Step 22, South (Player 2), Phase: 4
Phase: Gameplay
South's hand: A♠, 9♥, A♣, 5♥
Current trick: East: 9♣
Legal actions:
  2: Play: A♣
Action taken: 2 (Play: A♣)

Step 23, West (Player 3), Phase: 4
Phase: Gameplay
West's hand: 2♥, T♠, 8♣, 7♠
Current trick: East: 9♣, South: A♣
Legal actions:
  2: Play: 8♣
Action taken: 2 (Play: 8♣)

Step 24, North (Player 0), Phase: 4
Phase: Gameplay
North's hand: 7♣, J♣, K♥, 4♣
Current trick: East: 9♣, South: A♣, West: 8♣
Legal actions:
  0: Play: 7♣
  1: Play: J♣
  3: Play: 4♣
Action taken: 3 (Play: 4♣)
Trick 2: North: 4♣, East: 9♣, South: A♣, West: 8♣
Winner: South with A♣

Step 25, South (Player 2), Phase: 4
Phase: Gameplay
South's hand: A♠, 9♥, 5♥
Current trick: No cards played yet
Legal actions:
  0: Play: A♠
  1: Play: 9♥
  2: Play: 5♥
Action taken: 0 (Play: A♠)

Step 26, West (Player 3), Phase: 4
Phase: Gameplay
West's hand: 2♥, T♠, 7♠
Current trick: South: A♠
Legal actions:
  1: Play: T♠
  2: Play: 7♠
Action taken: 1 (Play: T♠)

Step 27, North (Player 0), Phase: 4
Phase: Gameplay
North's hand: 7♣, J♣, K♥
Current trick: South: A♠, West: T♠
Legal actions:
  0: Play: 7♣
  1: Play: J♣
  2: Play: K♥
Action taken: 0 (Play: 7♣)

Step 28, East (Player 1), Phase: 4
Phase: Gameplay
East's hand: T♣, 2♣, A♦
Current trick: North: 7♣, South: A♠, West: T♠
Legal actions:
  0: Play: T♣
  1: Play: 2♣
  2: Play: A♦
Action taken: 0 (Play: T♣)
Trick 3: North: 7♣, East: T♣, South: A♠, West: T♠
Winner: South with A♠

Step 29, South (Player 2), Phase: 4
Phase: Gameplay
South's hand: 9♥, 5♥
Current trick: No cards played yet
Legal actions:
  0: Play: 9♥
  1: Play: 5♥
Action taken: 1 (Play: 5♥)

Step 30, West (Player 3), Phase: 4
Phase: Gameplay
West's hand: 2♥, 7♠
Current trick: South: 5♥
Legal actions:
  0: Play: 2♥
Action taken: 0 (Play: 2♥)

Step 31, North (Player 0), Phase: 4
Phase: Gameplay
North's hand: J♣, K♥
Current trick: South: 5♥, West: 2♥
Legal actions:
  1: Play: K♥
Action taken: 1 (Play: K♥)

Step 32, East (Player 1), Phase: 4
Phase: Gameplay
East's hand: 2♣, A♦
Current trick: North: K♥, South: 5♥, West: 2♥
Legal actions:
  0: Play: 2♣
  1: Play: A♦
Action taken: 0 (Play: 2♣)
Trick 4: North: K♥, East: 2♣, South: 5♥, West: 2♥
Winner: North with K♥

Step 33, North (Player 0), Phase: 4
Phase: Gameplay
North's hand: J♣
Current trick: No cards played yet
Legal actions:
  0: Play: J♣
Action taken: 0 (Play: J♣)

Step 34, East (Player 1), Phase: 4
Phase: Gameplay
East's hand: A♦
Current trick: North: J♣
Legal actions:
  0: Play: A♦
Action taken: 0 (Play: A♦)
Trick 5: North: J♣, East: A♦
Winner: North with J♣
Hand over. Hand points: [20, 5]. Game points: [20, 5]
New hand starting. Dealer: West
Kitty: AH, QS, 9H

Step 35, North (Player 0), Phase: 1
Phase: Auction
North's hand: 2♠, A♦, 6♠, 9♣, 3♦
Legal actions:
  0: Pass
  1: Bid 20
  2: Bid 25
  3: Bid 30
Action taken: 2 (Bid 25)

Step 36, East (Player 1), Phase: 1
Phase: Auction
East's hand: A♣, 3♣, 4♣, J♦, K♣
Legal actions:
  0: Pass
  3: Bid 30
Action taken: 0 (Pass)

Step 37, South (Player 2), Phase: 1
Phase: Auction
South's hand: Q♦, 6♥, 7♦, K♠, 3♥
Legal actions:
  0: Pass
  3: Bid 30
Action taken: 0 (Pass)

Step 38, West (Player 3), Phase: 1
Phase: Auction
West's hand: 7♠, 4♥, 3♠, 7♥, A♠
Legal actions:
  0: Pass
  3: Bid 30
  4: Hold
Action taken: 4 (Hold)

Step 39, North (Player 0), Phase: 1
Phase: Auction
North's hand: 2♠, A♦, 6♠, 9♣, 3♦
Legal actions:
  0: Pass
  3: Bid 30
Action taken: 3 (Bid 30)

Step 40, East (Player 1), Phase: 1
Phase: Auction
East's hand: A♣, 3♣, 4♣, J♦, K♣
Legal actions:
  0: Pass
Action taken: 0 (Pass)

Step 41, South (Player 2), Phase: 1
Phase: Auction
South's hand: Q♦, 6♥, 7♦, K♠, 3♥
Legal actions:
  0: Pass
Action taken: 0 (Pass)

Step 42, West (Player 3), Phase: 1
Phase: Auction
West's hand: 7♠, 4♥, 3♠, 7♥, A♠
Legal actions:
  0: Pass
  4: Hold
Action taken: 4 (Hold)

Step 43, North (Player 0), Phase: 1
Phase: Auction
North's hand: 2♠, A♦, 6♠, 9♣, 3♦
Legal actions:
  0: Pass
Action taken: 0 (Pass)

Step 44, West (Player 3), Phase: 2
Phase: Declaration
West's hand: 7♠, 4♥, 3♠, 7♥, A♠
Legal actions:
  0: Declare trump: Spades
  1: Declare trump: Hearts
  2: Declare trump: Diamonds
  3: Declare trump: Clubs
Action taken: 1 (Declare trump: Hearts)

Step 45, North (Player 0), Phase: 3
Phase: Discard
North's hand: 2♠, A♦, 6♠, 9♣, 3♦
Legal actions:
  0: Discard: 2♠
  1: Discard: A♦
  2: Discard: 6♠
  3: Discard: 9♣
  4: Discard: 3♦
  16: Done discarding
Action taken: 0 (Discard: 2♠)
North discarded 2S

Step 46, North (Player 0), Phase: 3
Phase: Discard
North's hand: A♦, 6♠, 9♣, 3♦
Legal actions:
  0: Discard: A♦
  1: Discard: 6♠
  2: Discard: 9♣
  3: Discard: 3♦
  16: Done discarding
Action taken: 2 (Discard: 9♣)
North discarded 9C

Step 47, North (Player 0), Phase: 3
Phase: Discard
North's hand: A♦, 6♠, 3♦
Legal actions:
  0: Discard: A♦
  1: Discard: 6♠
  2: Discard: 3♦
  16: Done discarding
Action taken: 16 (Done discarding)

Step 48, East (Player 1), Phase: 3
Phase: Discard
East's hand: A♣, 3♣, 4♣, J♦, K♣
Legal actions:
  0: Discard: A♣
  1: Discard: 3♣
  2: Discard: 4♣
  3: Discard: J♦
  4: Discard: K♣
  16: Done discarding
Action taken: 2 (Discard: 4♣)
East discarded 4C

Step 49, East (Player 1), Phase: 3
Phase: Discard
East's hand: A♣, 3♣, J♦, K♣
Legal actions:
  0: Discard: A♣
  1: Discard: 3♣
  2: Discard: J♦
  3: Discard: K♣
  16: Done discarding
Action taken: 16 (Done discarding)

Step 50, South (Player 2), Phase: 3
Phase: Discard
South's hand: Q♦, 6♥, 7♦, K♠, 3♥
Legal actions:
  0: Discard: Q♦
  1: Discard: 6♥
  2: Discard: 7♦
  3: Discard: K♠
  4: Discard: 3♥
  16: Done discarding
Action taken: 1 (Discard: 6♥)
South discarded 6H

Step 51, South (Player 2), Phase: 3
Phase: Discard
South's hand: Q♦, 7♦, K♠, 3♥
Legal actions:
  0: Discard: Q♦
  1: Discard: 7♦
  2: Discard: K♠
  3: Discard: 3♥
  16: Done discarding
Action taken: 1 (Discard: 7♦)
South discarded 7D

Step 52, South (Player 2), Phase: 3
Phase: Discard
South's hand: Q♦, K♠, 3♥
Legal actions:
  0: Discard: Q♦
  1: Discard: K♠
  2: Discard: 3♥
  16: Done discarding
Action taken: 16 (Done discarding)

Step 53, West (Player 3), Phase: 3
Phase: Discard
West's hand: 7♠, 4♥, 3♠, 7♥, A♠
Legal actions:
  0: Discard: 7♠
  1: Discard: 4♥
  2: Discard: 3♠
  3: Discard: 7♥
  4: Discard: A♠
  16: Done discarding
Action taken: 2 (Discard: 3♠)
West discarded 3S

Step 54, West (Player 3), Phase: 3
Phase: Discard
West's hand: 7♠, 4♥, 7♥, A♠
Legal actions:
  0: Discard: 7♠
  1: Discard: 4♥
  2: Discard: 7♥
  3: Discard: A♠
  16: Done discarding
Action taken: 16 (Done discarding)
West received kitty: AH, QS, 9H
North received 2 card(s): KD, 6C
East received 1 card(s): 8S
South received 2 card(s): TC, 7C

Step 55, North (Player 0), Phase: 4
Phase: Gameplay
North's hand: A♦, 6♠, 3♦, K♦, 6♣
Current trick: No cards played yet
Legal actions:
  0: Play: A♦
  1: Play: 6♠
  2: Play: 3♦
  3: Play: K♦
  4: Play: 6♣
Action taken: 0 (Play: A♦)

Step 56, East (Player 1), Phase: 4
Phase: Gameplay
East's hand: A♣, 3♣, J♦, K♣, 8♠
Current trick: North: A♦
Legal actions:
  2: Play: J♦
Action taken: 2 (Play: J♦)

Step 57, South (Player 2), Phase: 4
Phase: Gameplay
South's hand: Q♦, K♠, 3♥, T♣, 7♣
Current trick: North: A♦, East: J♦
Legal actions:
  0: Play: Q♦
Action taken: 0 (Play: Q♦)

Step 58, West (Player 3), Phase: 4
Phase: Gameplay
West's hand: 7♠, 4♥, 7♥, A♠, A♥, Q♠, 9♥
Current trick: North: A♦, East: J♦, South: Q♦
Legal actions:
  0: Play: 7♠
  1: Play: 4♥
  2: Play: 7♥
  3: Play: A♠
  4: Play: A♥
  5: Play: Q♠
  6: Play: 9♥
Action taken: 2 (Play: 7♥)
Trick 1: North: A♦, East: J♦, South: Q♦, West: 7♥
Winner: South with Q♦

Step 59, South (Player 2), Phase: 4
Phase: Gameplay
South's hand: K♠, 3♥, T♣, 7♣
Current trick: No cards played yet
Legal actions:
  0: Play: K♠
  1: Play: 3♥
  2: Play: T♣
  3: Play: 7♣
Action taken: 3 (Play: 7♣)

Step 60, West (Player 3), Phase: 4
Phase: Gameplay
West's hand: 7♠, 4♥, A♠, A♥, Q♠, 9♥
Current trick: South: 7♣
Legal actions:
  0: Play: 7♠
  1: Play: 4♥
  2: Play: A♠
  3: Play: A♥
  4: Play: Q♠
  5: Play: 9♥
Action taken: 4 (Play: Q♠)

Step 61, North (Player 0), Phase: 4
Phase: Gameplay
North's hand: 6♠, 3♦, K♦, 6♣
Current trick: South: 7♣, West: Q♠
Legal actions:
  3: Play: 6♣
Action taken: 3 (Play: 6♣)

Step 62, East (Player 1), Phase: 4
Phase: Gameplay
East's hand: A♣, 3♣, K♣, 8♠
Current trick: North: 6♣, South: 7♣, West: Q♠
Legal actions:
  0: Play: A♣
  1: Play: 3♣
  2: Play: K♣
Action taken: 2 (Play: K♣)
Trick 2: North: 6♣, East: K♣, South: 7♣, West: Q♠
Winner: East with K♣

Step 63, East (Player 1), Phase: 4
Phase: Gameplay
East's hand: A♣, 3♣, 8♠
Current trick: No cards played yet
Legal actions:
  0: Play: A♣
  1: Play: 3♣
  2: Play: 8♠
Action taken: 1 (Play: 3♣)

Step 64, South (Player 2), Phase: 4
Phase: Gameplay
South's hand: K♠, 3♥, T♣
Current trick: East: 3♣
Legal actions:
  2: Play: T♣
Action taken: 2 (Play: T♣)

Step 65, West (Player 3), Phase: 4
Phase: Gameplay
West's hand: 7♠, 4♥, A♠, A♥, 9♥
Current trick: East: 3♣, South: T♣
Legal actions:
  0: Play: 7♠
  1: Play: 4♥
  2: Play: A♠
  3: Play: A♥
  4: Play: 9♥
Action taken: 3 (Play: A♥)

Step 66, North (Player 0), Phase: 4
Phase: Gameplay
North's hand: 6♠, 3♦, K♦
Current trick: East: 3♣, South: T♣, West: A♥
Legal actions:
  0: Play: 6♠
  1: Play: 3♦
  2: Play: K♦
Action taken: 0 (Play: 6♠)
Trick 3: North: 6♠, East: 3♣, South: T♣, West: A♥
Winner: East with 3♣

Step 67, East (Player 1), Phase: 4
Phase: Gameplay
East's hand: A♣, 8♠
Current trick: No cards played yet
Legal actions:
  0: Play: A♣
  1: Play: 8♠
Action taken: 0 (Play: A♣)

Step 68, South (Player 2), Phase: 4
Phase: Gameplay
South's hand: K♠, 3♥
Current trick: East: A♣
Legal actions:
  0: Play: K♠
  1: Play: 3♥
Action taken: 0 (Play: K♠)

Step 69, West (Player 3), Phase: 4
Phase: Gameplay
West's hand: 7♠, 4♥, A♠, 9♥
Current trick: East: A♣, South: K♠
Legal actions:
  0: Play: 7♠
  1: Play: 4♥
  2: Play: A♠
  3: Play: 9♥
Action taken: 3 (Play: 9♥)

Step 70, North (Player 0), Phase: 4
Phase: Gameplay
North's hand: 3♦, K♦
Current trick: East: A♣, South: K♠, West: 9♥
Legal actions:
  0: Play: 3♦
  1: Play: K♦
Action taken: 0 (Play: 3♦)
Trick 4: North: 3♦, East: A♣, South: K♠, West: 9♥
Winner: East with A♣

Step 71, East (Player 1), Phase: 4
Phase: Gameplay
East's hand: 8♠
Current trick: No cards played yet
Legal actions:
  0: Play: 8♠
Action taken: 0 (Play: 8♠)

Step 72, South (Player 2), Phase: 4
Phase: Gameplay
South's hand: 3♥
Current trick: East: 8♠
Legal actions:
  0: Play: 3♥
Action taken: 0 (Play: 3♥)
Trick 5: East: 8♠, South: 3♥
Winner: East with 8♠
Hand over. Hand points: [5, 20]. Game points: [25, 25]
New hand starting. Dealer: North
Kitty: 6H, 9D, 3D

Step 73, East (Player 1), Phase: 1
Phase: Auction
East's hand: J♣, 5♣, J♠, 4♠, K♣
Legal actions:
  0: Pass
  1: Bid 20
  2: Bid 25
  3: Bid 30
Action taken: 0 (Pass)

Step 74, South (Player 2), Phase: 1
Phase: Auction
South's hand: 5♦, 2♥, 2♠, T♣, 7♥
Legal actions:
  0: Pass
  1: Bid 20
  2: Bid 25
  3: Bid 30
Action taken: 3 (Bid 30)

Step 75, West (Player 3), Phase: 1
Phase: Auction
West's hand: 5♠, 2♣, Q♠, J♦, 9♥
Legal actions:
  0: Pass
Action taken: 0 (Pass)

Step 76, North (Player 0), Phase: 1
Phase: Auction
North's hand: T♦, A♣, T♥, Q♥, 6♦
Legal actions:
  0: Pass
  4: Hold
Action taken: 0 (Pass)

Step 77, South (Player 2), Phase: 2
Phase: Declaration
South's hand: 5♦, 2♥, 2♠, T♣, 7♥
Legal actions:
  0: Declare trump: Spades
  1: Declare trump: Hearts
  2: Declare trump: Diamonds
  3: Declare trump: Clubs
Action taken: 3 (Declare trump: Clubs)

Step 78, East (Player 1), Phase: 3
Phase: Discard
East's hand: J♣, 5♣, J♠, 4♠, K♣
Legal actions:
  0: Discard: J♣
  1: Discard: 5♣
  2: Discard: J♠
  3: Discard: 4♠
  4: Discard: K♣
  16: Done discarding
Action taken: 1 (Discard: 5♣)
East discarded 5C

Step 79, East (Player 1), Phase: 3
Phase: Discard
East's hand: J♣, J♠, 4♠, K♣
Legal actions:
  0: Discard: J♣
  1: Discard: J♠
  2: Discard: 4♠
  3: Discard: K♣
  16: Done discarding
Action taken: 3 (Discard: K♣)
East discarded KC

Step 80, East (Player 1), Phase: 3
Phase: Discard
East's hand: J♣, J♠, 4♠
Legal actions:
  0: Discard: J♣
  1: Discard: J♠
  2: Discard: 4♠
  16: Done discarding
Action taken: 0 (Discard: J♣)
East discarded JC

Step 81, East (Player 1), Phase: 3
Phase: Discard
East's hand: J♠, 4♠
Legal actions:
  0: Discard: J♠
  1: Discard: 4♠
  16: Done discarding
Action taken: 1 (Discard: 4♠)
East discarded 4S

Step 82, East (Player 1), Phase: 3
Phase: Discard
East's hand: J♠
Legal actions:
  0: Discard: J♠
  16: Done discarding
Action taken: 0 (Discard: J♠)
East discarded JS

Step 83, East (Player 1), Phase: 3
Phase: Discard
East's hand: Empty hand
Legal actions:
  16: Done discarding
Action taken: 16 (Done discarding)

Step 84, South (Player 2), Phase: 3
Phase: Discard
South's hand: 5♦, 2♥, 2♠, T♣, 7♥
Legal actions:
  0: Discard: 5♦
  1: Discard: 2♥
  2: Discard: 2♠
  3: Discard: T♣
  4: Discard: 7♥
  16: Done discarding
Action taken: 4 (Discard: 7♥)
South discarded 7H

Step 85, South (Player 2), Phase: 3
Phase: Discard
South's hand: 5♦, 2♥, 2♠, T♣
Legal actions:
  0: Discard: 5♦
  1: Discard: 2♥
  2: Discard: 2♠
  3: Discard: T♣
  16: Done discarding
Action taken: 0 (Discard: 5♦)
South discarded 5D

Step 86, South (Player 2), Phase: 3
Phase: Discard
South's hand: 2♥, 2♠, T♣
Legal actions:
  0: Discard: 2♥
  1: Discard: 2♠
  2: Discard: T♣
  16: Done discarding
Action taken: 1 (Discard: 2♠)
South discarded 2S

Step 87, South (Player 2), Phase: 3
Phase: Discard
South's hand: 2♥, T♣
Legal actions:
  0: Discard: 2♥
  1: Discard: T♣
  16: Done discarding
Action taken: 1 (Discard: T♣)
South discarded TC

Step 88, South (Player 2), Phase: 3
Phase: Discard
South's hand: 2♥
Legal actions:
  0: Discard: 2♥
  16: Done discarding
Action taken: 16 (Done discarding)

Step 89, West (Player 3), Phase: 3
Phase: Discard
West's hand: 5♠, 2♣, Q♠, J♦, 9♥
Legal actions:
  0: Discard: 5♠
  1: Discard: 2♣
  2: Discard: Q♠
  3: Discard: J♦
  4: Discard: 9♥
  16: Done discarding
Action taken: 4 (Discard: 9♥)
West discarded 9H

Step 90, West (Player 3), Phase: 3
Phase: Discard
West's hand: 5♠, 2♣, Q♠, J♦
Legal actions:
  0: Discard: 5♠
  1: Discard: 2♣
  2: Discard: Q♠
  3: Discard: J♦
  16: Done discarding
Action taken: 2 (Discard: Q♠)
West discarded QS

Step 91, West (Player 3), Phase: 3
Phase: Discard
West's hand: 5♠, 2♣, J♦
Legal actions:
  0: Discard: 5♠
  1: Discard: 2♣
  2: Discard: J♦
  16: Done discarding
Action taken: 16 (Done discarding)

Step 92, North (Player 0), Phase: 3
Phase: Discard
North's hand: T♦, A♣, T♥, Q♥, 6♦
Legal actions:
  0: Discard: T♦
  1: Discard: A♣
  2: Discard: T♥
  3: Discard: Q♥
  4: Discard: 6♦
  16: Done discarding
Action taken: 1 (Discard: A♣)
North discarded AC

Step 93, North (Player 0), Phase: 3
Phase: Discard
North's hand: T♦, T♥, Q♥, 6♦
Legal actions:
  0: Discard: T♦
  1: Discard: T♥
  2: Discard: Q♥
  3: Discard: 6♦
  16: Done discarding
Action taken: 3 (Discard: 6♦)
North discarded 6D

Step 94, North (Player 0), Phase: 3
Phase: Discard
North's hand: T♦, T♥, Q♥
Legal actions:
  0: Discard: T♦
  1: Discard: T♥
  2: Discard: Q♥
  16: Done discarding
Action taken: 0 (Discard: T♦)
North discarded TD

Step 95, North (Player 0), Phase: 3
Phase: Discard
North's hand: T♥, Q♥
Legal actions:
  0: Discard: T♥
  1: Discard: Q♥
  16: Done discarding
Action taken: 16 (Done discarding)
South received kitty: 6H, 9D, 3D
North received 3 card(s): 3H, 9C, 2D
East received 5 card(s): 3S, 6S, 3C, JH, KS
South received 1 card(s): TS
West received 2 card(s): 6C, AD

Step 96, East (Player 1), Phase: 4
Phase: Gameplay
East's hand: 3♠, 6♠, 3♣, J♥, K♠
Current trick: No cards played yet
Legal actions:
  0: Play: 3♠
  1: Play: 6♠
  2: Play: 3♣
  3: Play: J♥
  4: Play: K♠
Action taken: 4 (Play: K♠)

Step 97, South (Player 2), Phase: 4
Phase: Gameplay
South's hand: 2♥, 6♥, 9♦, 3♦, T♠
Current trick: East: K♠
Legal actions:
  4: Play: T♠
Action taken: 4 (Play: T♠)

Step 98, West (Player 3), Phase: 4
Phase: Gameplay
West's hand: 5♠, 2♣, J♦, 6♣, A♦
Current trick: East: K♠, South: T♠
Legal actions:
  0: Play: 5♠
Action taken: 0 (Play: 5♠)

Step 99, North (Player 0), Phase: 4
Phase: Gameplay
North's hand: T♥, Q♥, 3♥, 9♣, 2♦
Current trick: East: K♠, South: T♠, West: 5♠
Legal actions:
  0: Play: T♥
  1: Play: Q♥
  2: Play: 3♥
  3: Play: 9♣
  4: Play: 2♦
Action taken: 2 (Play: 3♥)
Trick 1: North: 3♥, East: K♠, South: T♠, West: 5♠
Winner: East with K♠

Maximum steps reached (100). Ending early.
Done!
